00000000                                     1  *************************************************************************************************
00000000                                     2  *Il programma serve a provare una semplice configurazione costituita da due 
00000000                                     3  *sistemi S1 ed S2 dotati entrambi di un processore M68000, una ROM di 8K (addr $0-$1FFF), 
00000000                                     4  *una RAM di 10K (addr $8000-$A7FF) e un device parallelo PIA mappato a $2004.
00000000                                     5  *I due PIA sono interconnessi tra loro e mediante un protocollo di handshaking consentono ai
00000000                                     6  *due sistemi di scambiarsi un messaggio. In particolare, il sistema S1 trasferisce un vettore di N caratteri
00000000                                     7  *verso il sistema S2 sul porto parallelo. Il messaggio si trova in un'area di memoria del sistema S1
00000000                                     8  *e viene salvato in una ulteriore area di memoria nel sistema S2.
00000000                                     9  *
00000000                                    10  *Questo driver serve per la programmazione del sistema S1, che effettua il trasferimento con un semplice ciclo.
00000000                                    11  *
00000000                                    12  *************************************************************************************************
00000000                                    13  *	   PIA1		    PIA2
00000000                                    14  *	______	 _______
00000000                                    15  *	   CA1	|<---------|   CB2
00000000                                    16  *	   CA2	|--------->|   CB1
00000000                                    17  *	______|<==== |_______
00000000                                    18  *	   CB1	|<---------|   CA2
00000000                                    19  *	   CB2	|--------->|   CA1
00000000                                    20  *	______| ====>|_______
00000000                                    21  *
00000000                                    22  ************************************************************************************************
00000000                                    23  
00000000                                    24  	
00000000                                    25  	
00000000                                    26  
00000000                                    27  ************************************************************
00000000                                    28  **********AREA DATI**************************************
00008000                                    29  	ORG	$8000
00008000  01 02 03 04 05 06                 30  MSG	DC.B	1,2,3,4,5,6
00008006  06                                31  DIM	DC.B	6
00008007                                    32  
00008007                                    33  
00008007                                    34  ***********************************************************
00008007                                    35  ***********AREA MAIN*********************************	
00008200                                    36  	ORG    $8200
00008200                                    37  
00008200  =00002006                         38  PIADB	EQU    $2006	;indirizzo di PIA-B dato, usato in output 
00008200  =00002007                         39  PIACB	EQU    $2007	;indirizzo di PIA-B controllo
00008200                                    40  
00008200  4EB9 00008232                     41  MAIN	JSR    DVBOUT	;inizializza PIA porto B in output
00008206                                    42  
00008206  227C 00002007                     43  	MOVEA.L	#PIACB,A1	;indirizzo registro di controllo CRB
0000820C  247C 00002006                     44  	MOVEA.L	#PIADB,A2	;indirizzo registro PRB
00008212  207C 00008000                     45  	MOVEA.L	#MSG,A0	;indirizzo area messaggio
00008218  1039 00008006                     46  	MOVE.B	DIM,D0	;dim del messaggio
0000821E                                    47  	
0000821E  4241                              48  	CLR	D1	;appoggio
00008220  3400                              49  	MOVE	D0,D2	;contatore elementi trasmessi
00008222                                    50  
00008222                                    51  * ATTENZIONE: non usiamo l'handshaking qui perchè il DMA non possiede i segnali per "parlare" direttamente con la PIA
00008222                                    52  *questo significa che non controlleremo il bit CRB7 prima di inviare un nuovo dato e non faremo la lettura fittizia, ma scriveremo semplicemente
00008222                                    53  *nel registro PRB
00008222                                    54  
00008222  1218                              55  INVIO	MOVE.B	(A0)+,D1	;carattere corrente da trasferire in D2;
00008224  1481                              56  	MOVE.B	D1,(A2)		;dato su bus di PIA porto B
00008226  0602 00FF                         57  	ADD.B		#-1,D2		;incremento contatore elementi trasmessi
0000822A  66F6                              58  	BNE	INVIO
0000822C                                    59  
0000822C                                    60  
0000822C  4EF9 0000822C                     61  LOOP  	JMP LOOP	;ciclo caldo dove il processore attende interrupt		
00008232                                    62  
00008232                                    63  
00008232                                    64  
00008232                                    65  *********************************************************************************************************
00008232                                    66  *INIZIALIZZAZIONE DELLA PIA: PORTO B	
00008232                                    67  *	CRB |0 |0 |1 0 0 |1 |0 0|
00008232                                    68  *	           |	  |   |____Controllo CB1: interruzioni disabilitate su IRQB, CB1 sensibile a fronte 1->0
00008232                                    69  *		       |	  |		
00008232                                    70  *		       |	  |________Accesso a DRB: il prossimo accesso ad indirizzo pari è per PRB
00008232                                    71  *		       |_______________Controllo CB2: linea di uscita, con gli altri due bit a 00 diventa alto su fronte 
00008232                                    72  *                                             attivo di CB1 e si riabbassa a seguito a scrittura su PRB
00008232                                    73  *
00008232                                    74  *	DRB=1 => PORTO B PORTO DI USCITA
00008232                                    75  *
00008232                                    76  ***********************************************************************************************************
00008232  11FC 0000 2007                    77  DVBOUT	MOVE.B	#0,PIACB		;seleziona il registro direzione di PIA porto B 
00008238  11FC 00FF 2006                    78  	MOVE.B	#$FF,PIADB	  		;accede a DRB e pone DRA=1 : le linee di B sono linee di output	
0000823E  11FC 0024 2007                    79  	MOVE.B	#%00100100,PIACB   	;imposta il registro di controllo come indicato sopra
00008244                                    80  *								;i bit CRB7 e CRB6 sono a sola lettura	
00008244  4E75                              81  	RTS
00008246                                    82  
00008246                                    83  
00008246                                    84  
00008246                                    85  	END	MAIN

No errors detected
No warnings generated
